<?xml version="1.0" encoding="UTF-8"?>
<!-- Generated by org.testng.reporters.JUnitReportReporter -->
<testsuite hostname="Vishwajeet" failures="0" tests="1" name="org.sample.Mavennew.TC2Test" time="3.192" errors="0" timestamp="2024-12-26T08:18:23 IST" skipped="0">
  <testcase classname="org.sample.Mavennew.TC2Test" name="testase2" time="3.192"/>
  <system-out/>
</testsuite> <!-- org.sample.Mavennew.TC2Test -->
