<?xml version="1.0" encoding="UTF-8"?>
<!-- Generated by org.testng.reporters.JUnitReportReporter -->
<testsuite hostname="Vishwajeet" failures="0" tests="2" name="org.sample.Mavennew.VkTest" time="6.531" errors="0" timestamp="2024-12-26T08:18:23 IST" skipped="0">
  <testcase classname="org.sample.Mavennew.VkTest" name="launch" time="2.374"/>
  <system-out/>
  <testcase classname="org.sample.Mavennew.VkTest" name="launch2" time="4.157"/>
  <system-out/>
</testsuite> <!-- org.sample.Mavennew.VkTest -->
