<?xml version="1.0" encoding="UTF-8"?>
<!-- Generated by org.testng.reporters.JUnitReportReporter -->
<testsuite hostname="Vishwajeet" failures="0" tests="1" name="org.sample.Mavennew.VK" time="0.015" errors="0" timestamp="2024-12-20T22:54:56 IST" skipped="0">
  <testcase classname="org.sample.Mavennew.VK" name="launch" time="0.015"/>
  <system-out/>
</testsuite> <!-- org.sample.Mavennew.VK -->
