<?xml version="1.0" encoding="UTF-8"?>
<!-- Generated by org.testng.reporters.JUnitReportReporter -->
<testsuite hostname="Vishwajeet" failures="0" tests="1" name="org.sample.Mavennew.TC2Test" time="4.191" errors="0" timestamp="2024-12-22T14:03:31 IST" skipped="0">
  <testcase classname="org.sample.Mavennew.TC2Test" name="testase2" time="4.191"/>
  <system-out/>
</testsuite> <!-- org.sample.Mavennew.TC2Test -->
