<?xml version="1.0" encoding="UTF-8"?>
<!-- Generated by org.testng.reporters.JUnitReportReporter -->
<testsuite hostname="Vishwajeet" failures="0" tests="2" name="org.sample.Mavennew.VkTest" time="20.840" errors="0" timestamp="2024-12-22T14:03:31 IST" skipped="0">
  <testcase classname="org.sample.Mavennew.VkTest" name="launch" time="11.038"/>
  <system-out/>
  <testcase classname="org.sample.Mavennew.VkTest" name="launch2" time="9.802"/>
  <system-out/>
</testsuite> <!-- org.sample.Mavennew.VkTest -->
